<start_timestamp> : <request> : <method> : <response> : <latency>
02.03.2022, 03:04:33 : https://picsum.photos/400/600.jpg : GET : https://i.picsum.photos/id/828/400/600.jpg?hmac=5iiQlV8YFZSHXVF-7lFCue1Q9mFoNjoPKUa2TBY65K0 : 342.08600002527237 ms
02.03.2022, 03:04:33 : https://ronreiter-meme-generator.p.rapidapi.com/meme : POST : 200 : 524.2081000208855 ms
02.03.2022, 03:04:33 : https://api.quotable.io/random?maxLength=50 : GET : He who hath many friends hath none. : 610.4554000496864 ms
02.03.2022, 03:04:34 : https://ronreiter-meme-generator.p.rapidapi.com/meme : GET : 200 : 591.7110999822617 ms
02.03.2022, 03:16:38 : https://picsum.photos/400/600.jpg : GET : https://i.picsum.photos/id/1050/400/600.jpg?hmac=pskPbKPu3U-7j5i5FeFfnEiEpBUn_15Lt8-fDtF0HWw : 430.7930000424385 ms
02.03.2022, 03:16:39 : https://ronreiter-meme-generator.p.rapidapi.com/meme : POST : 200 : 421.8493000268936 ms
02.03.2022, 03:16:39 : https://api.quotable.io/random?maxLength=50 : GET : The more you care, the stronger you can be. : 700.0625 ms
02.03.2022, 03:16:40 : https://ronreiter-meme-generator.p.rapidapi.com/meme : GET : 200 : 603.2789000272751 ms
02.03.2022, 03:16:46 : https://picsum.photos/400/600.jpg : GET : https://i.picsum.photos/id/938/400/600.jpg?hmac=aYnGC6oYqEzswajEYwANWxaJKkkmfRfsEfmGwEXP3EM : 307.13449996709824 ms
02.03.2022, 03:16:46 : https://ronreiter-meme-generator.p.rapidapi.com/meme : POST : 200 : 357.38249999284744 ms
02.03.2022, 03:16:46 : https://api.quotable.io/random?maxLength=50 : GET : A friend is what the heart needs all the time. : 818.4892999529839 ms
02.03.2022, 03:16:47 : https://ronreiter-meme-generator.p.rapidapi.com/meme : GET : 200 : 594.2669000029564 ms
02.03.2022, 03:17:15 : https://picsum.photos/400/600.jpg : GET : https://i.picsum.photos/id/1042/400/600.jpg?hmac=c0U6omrHRgvNXl6i1BKrgp3Blp7EQbcOfoYoMJuEVb4 : 327.18399995565414 ms
02.03.2022, 03:17:15 : https://ronreiter-meme-generator.p.rapidapi.com/meme : POST : 200 : 455.97310000658035 ms
02.03.2022, 03:17:16 : https://api.quotable.io/random?maxLength=50 : GET : Act as if what you do makes a difference. It does. : 680.071900010109 ms
02.03.2022, 03:17:16 : https://ronreiter-meme-generator.p.rapidapi.com/meme : GET : 200 : 661.2219000458717 ms
02.03.2022, 13:33:22 : https://picsum.photos/400/600.jpg : GET : https://i.picsum.photos/id/57/400/600.jpg?hmac=PaExv7tKVYKcHS1WERKcr5wgC1yoxnqO6Ujot2xFDhc : 1316.0507999658585 ms
02.03.2022, 13:33:24 : https://ronreiter-meme-generator.p.rapidapi.com/meme : POST : 500 : 856.7330000400543 ms
02.03.2022, 13:33:24 : https://api.quotable.io/random?maxLength=50 : GET : In order to win, you must expect to win. : 467.8295999765396 ms
02.03.2022, 13:33:25 : https://ronreiter-meme-generator.p.rapidapi.com/meme : GET : 200 : 517.7134999632835 ms
02.03.2022, 13:33:33 : https://picsum.photos/400/600.jpg : GET : https://i.picsum.photos/id/802/400/600.jpg?hmac=RmtxadBDtoDX3UGoxciDyrtRzBcwsg1LJpfQQUKJn44 : 511.5488000512123 ms
02.03.2022, 13:33:34 : https://ronreiter-meme-generator.p.rapidapi.com/meme : POST : 200 : 334.4943999648094 ms
02.03.2022, 13:33:34 : https://api.quotable.io/random?maxLength=50 : GET : Do all things with love. : 6283.636799991131 ms
02.03.2022, 13:33:41 : https://ronreiter-meme-generator.p.rapidapi.com/meme : GET : 200 : 397.6511999964714 ms
02.03.2022, 13:33:44 : https://picsum.photos/400/600.jpg : GET : https://i.picsum.photos/id/883/400/600.jpg?hmac=VJRBv_KDAedpfAAkug4TPYM_GrxKkJf2ynVEZL9gec0 : 329.1037999987602 ms
02.03.2022, 13:33:44 : https://ronreiter-meme-generator.p.rapidapi.com/meme : POST : 200 : 346.3284999728203 ms
02.03.2022, 13:33:45 : https://api.quotable.io/random?maxLength=50 : GET : The truest wisdom is a resolute determination. : 397.75709998607635 ms
02.03.2022, 13:33:45 : https://ronreiter-meme-generator.p.rapidapi.com/meme : GET : 200 : 475.8711000084877 ms
02.03.2022, 13:37:38 : https://picsum.photos/400/600.jpg : GET : https://i.picsum.photos/id/568/400/600.jpg?hmac=_zwxlTN6G4wZjJHpbNbXCNjwc2oF_g9f7RNxUaEIZiU : 772.2019999623299 ms
02.03.2022, 13:37:39 : https://ronreiter-meme-generator.p.rapidapi.com/meme : POST : 200 : 486.76330000162125 ms
02.03.2022, 13:37:40 : https://api.quotable.io/random?maxLength=50 : GET : Technology has to be invented or adopted. : 469.94690001010895 ms
02.03.2022, 13:37:40 : https://ronreiter-meme-generator.p.rapidapi.com/meme : GET : 200 : 498.59719997644424 ms
02.03.2022, 14:18:43 : https://picsum.photos/400/600.jpg : GET : https://i.picsum.photos/id/266/400/600.jpg?hmac=C5WMqb5CKAHuPPfzhp77jO8XxWw_CEQu0S63dg-eu9s : 451.27649998664856 ms
02.03.2022, 14:18:44 : https://ronreiter-meme-generator.p.rapidapi.com/meme : POST : 200 : 616.2434000372887 ms
02.03.2022, 14:18:44 : https://api.quotable.io/random?maxLength=50 : GET : Friendship is one mind in two bodies. : 912.3726999759674 ms
02.03.2022, 14:18:45 : https://ronreiter-meme-generator.p.rapidapi.com/meme : GET : 200 : 449.46320003271103 ms
02.03.2022, 14:22:22 : https://picsum.photos/400/600.jpg : GET : https://i.picsum.photos/id/368/400/600.jpg?hmac=Wm-dSPKYus9OwKU9wvg8KI6NLYRhLDiS6RFeWOD4Qlo : 326.91000002622604 ms
02.03.2022, 14:22:23 : https://ronreiter-meme-generator.p.rapidapi.com/meme : POST : 200 : 644.2692999839783 ms
02.03.2022, 14:22:23 : https://picsum.photos/400/600.jpg : GET : https://i.picsum.photos/id/974/400/600.jpg?hmac=5QIl89OvPmfcpjuij93Wc03z7sSlXfxGnJpjrp_QCQc : 383.28170001506805 ms
02.03.2022, 14:22:23 : https://api.quotable.io/random?maxLength=50 : GET : You won't skid if you stay in a rut. : 26.589600026607513 ms
02.03.2022, 14:22:24 : https://ronreiter-meme-generator.p.rapidapi.com/meme : POST : 200 : 331.9544000029564 ms
02.03.2022, 14:22:24 : https://ronreiter-meme-generator.p.rapidapi.com/meme : GET : 200 : 108.5828999876976 ms
02.03.2022, 14:22:24 : https://api.quotable.io/random?maxLength=50 : GET : You'll see it when you believe it. : 440.9142000079155 ms
02.03.2022, 14:22:25 : https://ronreiter-meme-generator.p.rapidapi.com/meme : GET : 200 : 490.5261999964714 ms
02.03.2022, 14:48:08 : https://picsum.photos/400/600.jpg : GET : https://i.picsum.photos/id/237/400/600.jpg?hmac=ZwrHmBQN0f4voRjmJj66G9ylrA8aP28DQl9Z3YlskZQ : 415.97079998254776 ms
02.03.2022, 14:48:08 : https://picsum.photos/400/600.jpg : GET : https://i.picsum.photos/id/905/400/600.jpg?hmac=8cZccdJZOJPu0rTcSqsST9KZ8wT2LSWiDiksrYgcjjw : 434.3375999927521 ms
02.03.2022, 14:48:08 : https://picsum.photos/400/600.jpg : GET : https://i.picsum.photos/id/1019/400/600.jpg?hmac=CCmq_lakGjWi8X6BOTVvw0zwyKOYsmxVLQpXvdPYWnQ : 436.58780002593994 ms
02.03.2022, 14:48:08 : https://picsum.photos/400/600.jpg : GET : https://i.picsum.photos/id/577/400/600.jpg?hmac=q8koPuHdmrVO7C44TMRuYiGYP9VnfX_xUkIyM7l02UU : 439.41540002822876 ms
02.03.2022, 14:48:08 : https://picsum.photos/400/600.jpg : GET : https://i.picsum.photos/id/1025/400/600.jpg?hmac=3TNHTsFzccihcwBhu-ruy6sdAFOT4XwjGXYYehJddQA : 441.9636999964714 ms
02.03.2022, 14:48:08 : https://picsum.photos/400/600.jpg : GET : https://i.picsum.photos/id/320/400/600.jpg?hmac=fyrERmGJ6AmGhX6o83J7ecdvohGU2OKVfdbhnrbLxiY : 444.23129999637604 ms
02.03.2022, 14:48:08 : https://picsum.photos/400/600.jpg : GET : https://i.picsum.photos/id/842/400/600.jpg?hmac=fUBSji9CsJ78iAUnUCIkgnJfJe9hqi8sNv9Xo-F_q80 : 446.4908999800682 ms
02.03.2022, 14:48:08 : https://picsum.photos/400/600.jpg : GET : https://i.picsum.photos/id/823/400/600.jpg?hmac=ZKPuQukTq24Va3yk9Ak7lvflY0IMSo-gz5FvG-e5Vzc : 449.03890001773834 ms
02.03.2022, 14:48:08 : https://picsum.photos/400/600.jpg : GET : https://i.picsum.photos/id/667/400/600.jpg?hmac=K1HDaeZJGSBq80y4379AZh7ro94VA-TSIJqvPAKes7g : 451.346499979496 ms
02.03.2022, 14:48:08 : https://picsum.photos/400/600.jpg : GET : https://i.picsum.photos/id/33/400/600.jpg?hmac=ErW-UyQTy7nvmUJ9x0ymbhLp1q6SlLFf-Bi5xDdeOrE : 453.61229997873306 ms
02.03.2022, 14:48:08 : https://picsum.photos/400/600.jpg : GET : https://i.picsum.photos/id/775/400/600.jpg?hmac=kpAWCICFW53A5VkS6KjMN7WhKXcafgiR4uXIGrgmMlQ : 455.9340999722481 ms
02.03.2022, 14:48:08 : https://picsum.photos/400/600.jpg : GET : https://i.picsum.photos/id/1038/400/600.jpg?hmac=UPhjQ8WdLoAVbYlOA19SkoRJdJAKvZ1FU93z_V3An8Q : 460.26779997348785 ms
02.03.2022, 14:48:08 : https://picsum.photos/400/600.jpg : GET : https://i.picsum.photos/id/59/400/600.jpg?hmac=gc7Id1A_6vRY1D-oYcd-4oS6ozMH4OgL1ND8pansAAg : 464.03710001707077 ms
02.03.2022, 14:48:08 : https://picsum.photos/400/600.jpg : GET : https://i.picsum.photos/id/281/400/600.jpg?hmac=LDvx_y7L8hm1nOSSBR82_SDKS2Am5qP5nN49aHmY5vE : 467.3327000141144 ms
02.03.2022, 14:48:08 : https://picsum.photos/400/600.jpg : GET : https://i.picsum.photos/id/65/400/600.jpg?hmac=VCad0idaWv2_RD_NUL5xOuQaFa41z2xQsJT2IS2DYCs : 469.5766999721527 ms
02.03.2022, 14:48:08 : https://picsum.photos/400/600.jpg : GET : https://i.picsum.photos/id/1075/400/600.jpg?hmac=tCnpwy0p4EkKr0djMfK2pTQv-24U0ZsEKlkgUIkKOrg : 471.4787999987602 ms
02.03.2022, 14:48:08 : https://picsum.photos/400/600.jpg : GET : https://i.picsum.photos/id/392/400/600.jpg?hmac=p9icIRAe9wVjdnPQ7JD--Th8TSneMmSxclPJJVlWbbc : 236.14399999380112 ms
02.03.2022, 14:48:08 : https://picsum.photos/400/600.jpg : GET : https://i.picsum.photos/id/188/400/600.jpg?hmac=NvcxCXdhgB87JUgKBiLDDE-2TYrKNWtD1Md3oNW_1XQ : 290.4128999710083 ms
02.03.2022, 14:48:08 : https://picsum.photos/400/600.jpg : GET : https://i.picsum.photos/id/127/400/600.jpg?hmac=1Xxxj284hvwGwlw4oJ_aQEFyO9Q5TTQBln1T-GZbDvI : 325.20370000600815 ms
02.03.2022, 14:48:08 : https://ronreiter-meme-generator.p.rapidapi.com/meme : POST : 200 : 13.478900015354156 ms
02.03.2022, 14:48:08 : https://ronreiter-meme-generator.p.rapidapi.com/meme : POST : 200 : 1.2257000207901 ms
02.03.2022, 14:48:08 : https://ronreiter-meme-generator.p.rapidapi.com/meme : POST : 200 : 4.463200032711029 ms
02.03.2022, 14:48:08 : https://ronreiter-meme-generator.p.rapidapi.com/meme : POST : 500 : 3.4420000314712524 ms
02.03.2022, 14:48:08 : https://ronreiter-meme-generator.p.rapidapi.com/meme : POST : 200 : 3.359399974346161 ms
02.03.2022, 14:48:08 : https://ronreiter-meme-generator.p.rapidapi.com/meme : POST : 200 : 1.8419999480247498 ms
02.03.2022, 14:48:08 : https://ronreiter-meme-generator.p.rapidapi.com/meme : POST : 200 : 6.7248000502586365 ms
02.03.2022, 14:48:08 : https://ronreiter-meme-generator.p.rapidapi.com/meme : POST : 200 : 0.8196000456809998 ms
02.03.2022, 14:48:08 : https://ronreiter-meme-generator.p.rapidapi.com/meme : POST : 500 : 0.6673000454902649 ms
02.03.2022, 14:48:08 : https://ronreiter-meme-generator.p.rapidapi.com/meme : POST : 200 : 1.1317999958992004 ms
02.03.2022, 14:48:08 : https://ronreiter-meme-generator.p.rapidapi.com/meme : POST : 200 : 19.474199950695038 ms
02.03.2022, 14:48:08 : https://ronreiter-meme-generator.p.rapidapi.com/meme : POST : 200 : 0.8303999900817871 ms
02.03.2022, 14:48:08 : https://ronreiter-meme-generator.p.rapidapi.com/meme : POST : 200 : 2.1542999744415283 ms
02.03.2022, 14:48:08 : https://ronreiter-meme-generator.p.rapidapi.com/meme : POST : 200 : 10.701399981975555 ms
02.03.2022, 14:48:08 : https://ronreiter-meme-generator.p.rapidapi.com/meme : POST : 200 : 3.9307000041007996 ms
02.03.2022, 14:48:08 : https://ronreiter-meme-generator.p.rapidapi.com/meme : POST : 200 : 27.99990004301071 ms
02.03.2022, 14:48:08 : https://picsum.photos/400/600.jpg : GET : https://i.picsum.photos/id/1076/400/600.jpg?hmac=i89vbi80rkqi2tHBp853gviIPKylhh5qh93Ba_pX4H0 : 48.55830001831055 ms
02.03.2022, 14:48:09 : https://ronreiter-meme-generator.p.rapidapi.com/meme : POST : 200 : 170.16990000009537 ms
02.03.2022, 14:48:09 : https://api.quotable.io/random?maxLength=50 : GET : Skill to do comes of doing. : 43.15619999170303 ms
02.03.2022, 14:48:09 : https://api.quotable.io/random?maxLength=50 : GET : We can only learn to love by loving. : 1.7386000156402588 ms
02.03.2022, 14:48:09 : https://ronreiter-meme-generator.p.rapidapi.com/meme : POST : 200 : 1.2243000268936157 ms
02.03.2022, 14:48:09 : https://api.quotable.io/random?maxLength=50 : GET : Trouble is only opportunity in work clothes. : 1.0157999992370605 ms
02.03.2022, 14:48:09 : https://api.quotable.io/random?maxLength=50 : GET : Only do what your heart tells you. : 1.9083999991416931 ms
02.03.2022, 14:48:09 : https://api.quotable.io/random?maxLength=50 : GET : The energy of the mind is the essence of life. : 0.9722999930381775 ms
02.03.2022, 14:48:09 : https://api.quotable.io/random?maxLength=50 : GET : Do more than dream: work. : 1.236799955368042 ms
02.03.2022, 14:48:09 : https://api.quotable.io/random?maxLength=50 : GET : Imagination rules the world. : 1.518999993801117 ms
02.03.2022, 14:48:09 : https://api.quotable.io/random?maxLength=50 : GET : The secret of getting ahead is getting started. : 3.119700014591217 ms
02.03.2022, 14:48:09 : https://api.quotable.io/random?maxLength=50 : GET : Without courage, wisdom bears no fruit. : 0.9812999963760376 ms
02.03.2022, 14:48:09 : https://api.quotable.io/random?maxLength=50 : GET : Knowing is not enough; we must apply! : 1.9153000116348267 ms
02.03.2022, 14:48:09 : https://ronreiter-meme-generator.p.rapidapi.com/meme : POST : 200 : 8.708999991416931 ms
02.03.2022, 14:48:09 : https://api.quotable.io/random?maxLength=50 : GET : It is better to travel well than to arrive. : 3.649600028991699 ms
02.03.2022, 14:48:09 : https://api.quotable.io/random?maxLength=50 : GET : Once you label me you negate me. : 8.752299964427948 ms
02.03.2022, 14:48:09 : https://api.quotable.io/random?maxLength=50 : GET : Applause is a receipt, not a bill. : 2.355400025844574 ms
02.03.2022, 14:48:09 : https://api.quotable.io/random?maxLength=50 : GET : A friend to all is a friend to none. : 4.911399960517883 ms
02.03.2022, 14:48:09 : https://api.quotable.io/random?maxLength=50 : GET : Whoever is happy will make others happy, too. : 2.284899950027466 ms
02.03.2022, 14:48:09 : https://api.quotable.io/random?maxLength=50 : GET : The human spirit must prevail over technology. : 66.60950005054474 ms
02.03.2022, 14:48:09 : https://api.quotable.io/random?maxLength=50 : GET : Patience is the companion of wisdom. : 226.721499979496 ms
02.03.2022, 14:48:09 : https://api.quotable.io/random?maxLength=50 : GET : From wonder into wonder existence opens. : 46.004399955272675 ms
02.03.2022, 14:48:09 : https://api.quotable.io/random?maxLength=50 : GET : You'll see it when you believe it. : 48.1913999915123 ms
02.03.2022, 14:48:09 : https://ronreiter-meme-generator.p.rapidapi.com/meme : GET : 200 : 237.48719996213913 ms
02.03.2022, 14:48:09 : https://ronreiter-meme-generator.p.rapidapi.com/meme : GET : 200 : 390.25759994983673 ms
02.03.2022, 14:48:09 : https://ronreiter-meme-generator.p.rapidapi.com/meme : GET : 200 : 470.33279997110367 ms
02.03.2022, 14:48:09 : https://ronreiter-meme-generator.p.rapidapi.com/meme : GET : 200 : 673.2602999806404 ms
02.03.2022, 14:48:09 : https://ronreiter-meme-generator.p.rapidapi.com/meme : GET : 200 : 891.0949999690056 ms
02.03.2022, 14:48:09 : https://ronreiter-meme-generator.p.rapidapi.com/meme : GET : 200 : 930.4086999893188 ms
02.03.2022, 14:48:09 : https://ronreiter-meme-generator.p.rapidapi.com/meme : GET : 200 : 994.684300005436 ms
02.03.2022, 14:48:09 : https://ronreiter-meme-generator.p.rapidapi.com/meme : GET : 200 : 1316.277899980545 ms
02.03.2022, 14:48:09 : https://ronreiter-meme-generator.p.rapidapi.com/meme : GET : 200 : 1411.3539999723434 ms
02.03.2022, 14:48:09 : https://ronreiter-meme-generator.p.rapidapi.com/meme : GET : 200 : 1449.6355999708176 ms
02.03.2022, 14:48:09 : https://ronreiter-meme-generator.p.rapidapi.com/meme : GET : 200 : 1717.837199985981 ms
02.03.2022, 14:48:09 : https://ronreiter-meme-generator.p.rapidapi.com/meme : GET : 200 : 1941.7655999660492 ms
02.03.2022, 14:48:09 : https://ronreiter-meme-generator.p.rapidapi.com/meme : POST : 200 : 2044.4254999756813 ms
02.03.2022, 14:48:09 : https://ronreiter-meme-generator.p.rapidapi.com/meme : GET : 200 : 70.3313000202179 ms
02.03.2022, 14:48:09 : https://ronreiter-meme-generator.p.rapidapi.com/meme : GET : 200 : 89.06580001115799 ms
02.03.2022, 14:48:09 : https://ronreiter-meme-generator.p.rapidapi.com/meme : GET : 200 : 179.9452000260353 ms
02.03.2022, 14:48:12 : https://api.quotable.io/random?maxLength=50 : GET : Our intention creates our reality. : 407.6032000184059 ms
02.03.2022, 14:48:09 : https://ronreiter-meme-generator.p.rapidapi.com/meme : GET : 200 : 201.4447000026703 ms
02.03.2022, 14:48:10 : https://ronreiter-meme-generator.p.rapidapi.com/meme : GET : 200 : 211.5667999982834 ms
02.03.2022, 14:48:10 : https://ronreiter-meme-generator.p.rapidapi.com/meme : GET : 200 : 248.2509999871254 ms
02.03.2022, 14:48:10 : https://ronreiter-meme-generator.p.rapidapi.com/meme : GET : 200 : 269.58120000362396 ms
02.03.2022, 14:48:12 : https://ronreiter-meme-generator.p.rapidapi.com/meme : GET : 200 : 466.00999999046326 ms
02.03.2022, 14:53:55 : https://picsum.photos/400/600.jpg : GET : https://i.picsum.photos/id/1059/400/600.jpg?hmac=Au2Ckd4Mng74Xg2vkd57ym64z7D2Wkbcht1i_xtAb_A : 351.18910002708435 ms
02.03.2022, 14:53:55 : https://picsum.photos/400/600.jpg : GET : https://i.picsum.photos/id/316/400/600.jpg?hmac=lCsb3FDWj_mWuZ553aVOCABhicQmwB1ZwtPPgZGMQSU : 357.91200000047684 ms
02.03.2022, 14:53:55 : https://picsum.photos/400/600.jpg : GET : https://i.picsum.photos/id/363/400/600.jpg?hmac=m3Pu5n4t37fWS-q48XLKo2_vzz5TlIRCpTW8-etw-OI : 359.71080005168915 ms
02.03.2022, 14:53:55 : https://picsum.photos/400/600.jpg : GET : https://i.picsum.photos/id/304/400/600.jpg?hmac=rMCvm2kP-ZH6ZKNH7_G63KLOSoEnC_jlrif-afn7s4Q : 361.3148000240326 ms
02.03.2022, 14:53:55 : https://picsum.photos/400/600.jpg : GET : https://i.picsum.photos/id/797/400/600.jpg?hmac=PeAnChZ7IkqBx_ZJQJIgRM8Q6eHdNc6NtBsHtCFo-W8 : 364.1017000079155 ms
02.03.2022, 14:53:55 : https://picsum.photos/400/600.jpg : GET : https://i.picsum.photos/id/84/400/600.jpg?hmac=ziP8Wcw7r8D9J9Ql8uSm21CE8w-27kcCC1rE8wojyK0 : 366.8875000476837 ms
02.03.2022, 14:53:55 : https://picsum.photos/400/600.jpg : GET : https://i.picsum.photos/id/66/400/600.jpg?hmac=92Pppcto-e-XNscqjTp8wygvYvIPNwVbyzDHftFtleA : 368.95520001649857 ms
02.03.2022, 14:53:55 : https://picsum.photos/400/600.jpg : GET : https://i.picsum.photos/id/964/400/600.jpg?hmac=CTQde6XeCBOAJKS-jgcfCFU03-itMew5n0h2ojg0Lk8 : 372.8027999997139 ms
02.03.2022, 14:53:55 : https://picsum.photos/400/600.jpg : GET : https://i.picsum.photos/id/296/400/600.jpg?hmac=IGQCnlOJ17YxB7dYYPYfzJU5KJEicz-RxZFC-u21XZY : 375.87860000133514 ms
02.03.2022, 14:53:55 : https://picsum.photos/400/600.jpg : GET : https://i.picsum.photos/id/164/400/600.jpg?hmac=X_U4BuF2ogixKiEGSRps-4s7c7D5iabqaXJCJzga0N0 : 378.1090000271797 ms
02.03.2022, 14:53:55 : https://picsum.photos/400/600.jpg : GET : https://i.picsum.photos/id/1055/400/600.jpg?hmac=LW8tMbmmJpqxmhQ_PyAgh_MjUuIrxNzHNB8Y4Wl_hDI : 382.94830000400543 ms
02.03.2022, 14:53:55 : https://picsum.photos/400/600.jpg : GET : https://i.picsum.photos/id/459/400/600.jpg?hmac=O1dCscdpc0luny0vH6wFkwQh_bLDqCyP0tKyMjqUwvA : 384.8303000330925 ms
02.03.2022, 14:53:55 : https://picsum.photos/400/600.jpg : GET : https://i.picsum.photos/id/838/400/600.jpg?hmac=zgbVaa25ZO_VGaXbbgmLEJ5yFVJTT5vTA4d1wgaPp0c : 401.27290004491806 ms
02.03.2022, 14:53:55 : https://picsum.photos/400/600.jpg : GET : https://i.picsum.photos/id/830/400/600.jpg?hmac=pdjOxPt-OxT5HMG7_r-d8KBnlxW-uku2s43DwLdBW44 : 403.13570004701614 ms
02.03.2022, 14:53:55 : https://picsum.photos/400/600.jpg : GET : https://i.picsum.photos/id/848/400/600.jpg?hmac=QVnMDt8E08maV4gNNZRmuHqQ5mwSwE_kLkC1hXlSsPQ : 424.0100000500679 ms
02.03.2022, 14:53:55 : https://picsum.photos/400/600.jpg : GET : https://i.picsum.photos/id/165/400/600.jpg?hmac=1z_sjIdbCUH_rSQ9jno39WDPnALZDNlUZ9w-z2wZV1o : 435.0455000400543 ms
02.03.2022, 14:53:55 : https://picsum.photos/400/600.jpg : GET : https://i.picsum.photos/id/173/400/600.jpg?hmac=Bq5JLYxPIoXJT4NYMg2_I2l_3BiizDt44mUw8XOymb4 : 470.77140003442764 ms
02.03.2022, 14:53:55 : https://picsum.photos/400/600.jpg : GET : https://i.picsum.photos/id/498/400/600.jpg?hmac=XtlPo8NN1_jiNc22sF5e6INqsBEme-jDF6SS6JfElnA : 3.4344000220298767 ms
02.03.2022, 14:53:55 : https://ronreiter-meme-generator.p.rapidapi.com/meme : POST : 200 : 146.8522999882698 ms
02.03.2022, 14:53:55 : https://ronreiter-meme-generator.p.rapidapi.com/meme : POST : 200 : 4.839800000190735 ms
02.03.2022, 14:53:56 : https://ronreiter-meme-generator.p.rapidapi.com/meme : POST : 200 : 1.0702000260353088 ms
02.03.2022, 14:53:55 : https://ronreiter-meme-generator.p.rapidapi.com/meme : POST : 200 : 14.630499958992004 ms
02.03.2022, 14:53:56 : https://ronreiter-meme-generator.p.rapidapi.com/meme : POST : 200 : 1.838100016117096 ms
02.03.2022, 14:53:56 : https://ronreiter-meme-generator.p.rapidapi.com/meme : POST : 200 : 2.714800000190735 ms
02.03.2022, 14:53:55 : https://ronreiter-meme-generator.p.rapidapi.com/meme : POST : 200 : 0.8848000168800354 ms
02.03.2022, 14:53:56 : https://ronreiter-meme-generator.p.rapidapi.com/meme : POST : 200 : 4.351700007915497 ms
02.03.2022, 14:53:55 : https://ronreiter-meme-generator.p.rapidapi.com/meme : POST : 200 : 7.018299996852875 ms
02.03.2022, 14:53:56 : https://ronreiter-meme-generator.p.rapidapi.com/meme : POST : 200 : 2.0154999494552612 ms
02.03.2022, 14:53:55 : https://ronreiter-meme-generator.p.rapidapi.com/meme : POST : 200 : 1.6274999976158142 ms
02.03.2022, 14:53:56 : https://ronreiter-meme-generator.p.rapidapi.com/meme : POST : 200 : 20.307799994945526 ms
02.03.2022, 14:53:56 : https://ronreiter-meme-generator.p.rapidapi.com/meme : POST : 200 : 7.563799977302551 ms
02.03.2022, 14:53:56 : https://ronreiter-meme-generator.p.rapidapi.com/meme : POST : 500 : 6.380299985408783 ms
02.03.2022, 14:53:56 : https://ronreiter-meme-generator.p.rapidapi.com/meme : POST : 500 : 11.334399998188019 ms
02.03.2022, 14:53:55 : https://ronreiter-meme-generator.p.rapidapi.com/meme : POST : 200 : 44.15429997444153 ms
02.03.2022, 14:53:55 : https://ronreiter-meme-generator.p.rapidapi.com/meme : POST : 200 : 4.037400007247925 ms
02.03.2022, 14:53:56 : https://ronreiter-meme-generator.p.rapidapi.com/meme : POST : 200 : 134.3872999548912 ms
02.03.2022, 14:53:56 : https://api.quotable.io/random?maxLength=50 : GET : Do something wonderful, people may imitate it. : 149.93009996414185 ms
02.03.2022, 14:53:56 : https://api.quotable.io/random?maxLength=50 : GET : Time you enjoy wasting, was not wasted. : 1.2888999581336975 ms
02.03.2022, 14:53:56 : https://api.quotable.io/random?maxLength=50 : GET : If you want a thing done well, do it yourself. : 1.0595999956130981 ms
02.03.2022, 14:53:56 : https://api.quotable.io/random?maxLength=50 : GET : To be great is to be misunderstood. : 7.042800009250641 ms
02.03.2022, 14:53:56 : https://api.quotable.io/random?maxLength=50 : GET : An ounce of emotion is equal to a ton of facts. : 2.703499972820282 ms
02.03.2022, 14:53:56 : https://api.quotable.io/random?maxLength=50 : GET : Silence is the sleep that nourishes wisdom. : 1.3269999623298645 ms
02.03.2022, 14:53:56 : https://api.quotable.io/random?maxLength=50 : GET : Where there is love there is life. : 0.3478999733924866 ms
02.03.2022, 14:53:56 : https://api.quotable.io/random?maxLength=50 : GET : Believe you can and you're halfway there. : 2.4400999546051025 ms
02.03.2022, 14:53:56 : https://api.quotable.io/random?maxLength=50 : GET : Happiness depends upon ourselves. : 8.284099996089935 ms
02.03.2022, 14:53:56 : https://api.quotable.io/random?maxLength=50 : GET : Trouble is only opportunity in work clothes. : 1.1015999913215637 ms
02.03.2022, 14:53:56 : https://api.quotable.io/random?maxLength=50 : GET : We know what we are but know not what we may be. : 0.7585999965667725 ms
02.03.2022, 14:53:56 : https://api.quotable.io/random?maxLength=50 : GET : All I can say about life is, Oh God, enjoy it! : 2.4990000128746033 ms
02.03.2022, 14:53:56 : https://api.quotable.io/random?maxLength=50 : GET : When you learn, teach. When you get, give. : 2.9578999876976013 ms
02.03.2022, 14:53:56 : https://api.quotable.io/random?maxLength=50 : GET : The friendship that can cease has never been real. : 30.780600011348724 ms
02.03.2022, 14:53:56 : https://api.quotable.io/random?maxLength=50 : GET : Of all possessions a friend is the most precious. : 18.27369999885559 ms
02.03.2022, 14:53:56 : https://api.quotable.io/random?maxLength=50 : GET : You'll see it when you believe it. : 13.899100005626678 ms
02.03.2022, 14:53:56 : https://api.quotable.io/random?maxLength=50 : GET : Cunning... is but the low mimic of wisdom. : 40.59589999914169 ms
02.03.2022, 14:53:56 : https://api.quotable.io/random?maxLength=50 : GET : I know not age, nor weariness nor defeat. : 96.35710000991821 ms
02.03.2022, 14:53:56 : https://ronreiter-meme-generator.p.rapidapi.com/meme : GET : 200 : 618.5505999922752 ms
02.03.2022, 14:53:56 : https://ronreiter-meme-generator.p.rapidapi.com/meme : GET : 200 : 657.4284999966621 ms
02.03.2022, 14:53:56 : https://ronreiter-meme-generator.p.rapidapi.com/meme : GET : 200 : 732.9668999910355 ms
02.03.2022, 14:53:56 : https://ronreiter-meme-generator.p.rapidapi.com/meme : GET : 200 : 804.8100000023842 ms
02.03.2022, 14:53:56 : https://ronreiter-meme-generator.p.rapidapi.com/meme : GET : 200 : 1387.199499964714 ms
02.03.2022, 14:53:56 : https://ronreiter-meme-generator.p.rapidapi.com/meme : GET : 200 : 1412.4372999668121 ms
02.03.2022, 14:53:56 : https://ronreiter-meme-generator.p.rapidapi.com/meme : GET : 200 : 1414.4755999445915 ms
02.03.2022, 14:53:56 : https://ronreiter-meme-generator.p.rapidapi.com/meme : GET : 200 : 1469.695799946785 ms
02.03.2022, 14:53:56 : https://ronreiter-meme-generator.p.rapidapi.com/meme : GET : 200 : 1949.152599990368 ms
02.03.2022, 14:53:56 : https://ronreiter-meme-generator.p.rapidapi.com/meme : GET : 200 : 2052.2389999628067 ms
02.03.2022, 14:53:56 : https://ronreiter-meme-generator.p.rapidapi.com/meme : GET : 200 : 2118.02120000124 ms
02.03.2022, 14:53:56 : https://ronreiter-meme-generator.p.rapidapi.com/meme : GET : 200 : 2136.1070999503136 ms
02.03.2022, 14:53:56 : https://ronreiter-meme-generator.p.rapidapi.com/meme : GET : 200 : 2675.2793999910355 ms
02.03.2022, 14:53:56 : https://ronreiter-meme-generator.p.rapidapi.com/meme : GET : 200 : 2728.2435999512672 ms
02.03.2022, 14:53:56 : https://ronreiter-meme-generator.p.rapidapi.com/meme : GET : 200 : 2856.356199979782 ms
02.03.2022, 14:53:56 : https://ronreiter-meme-generator.p.rapidapi.com/meme : GET : 200 : 2873.621999979019 ms
02.03.2022, 14:53:56 : https://ronreiter-meme-generator.p.rapidapi.com/meme : GET : 200 : 3105.556199967861 ms
02.03.2022, 14:53:56 : https://ronreiter-meme-generator.p.rapidapi.com/meme : GET : 200 : 3141.0792999863625 ms
02.03.2022, 14:54:17 : https://picsum.photos/400/600.jpg : GET : https://i.picsum.photos/id/924/400/600.jpg?hmac=-yElWJUnZ8tvG_FbGWumjkwZR6mQATn-p1spNKG2P0Q : 305.2360000014305 ms
02.03.2022, 14:54:17 : https://ronreiter-meme-generator.p.rapidapi.com/meme : POST : 200 : 432.084399998188 ms
02.03.2022, 14:54:18 : https://api.quotable.io/random?maxLength=50 : GET : The price of greatness is responsibility. : 468.97259998321533 ms
02.03.2022, 14:54:18 : https://ronreiter-meme-generator.p.rapidapi.com/meme : GET : 200 : 507.7863999605179 ms
